we are running from this directory: /cluster/work/williao
The name of the job is: Training conditional stylegan2-ada on wikiart/artemis dataset
The job ID is 17486413
The job was run on these nodes: idun-04-07
Number of nodes: 1
We are using 1 cores
We are using 1 cores per node
Total of 1 cores

CUDA_VISIBLE DEVICES: 0,1
Collecting package metadata (current_repodata.json): ...working... done
Solving environment: ...working... 
The environment is inconsistent, please check the package plan carefully
The following packages are causing the inconsistency:

  - defaults/linux-64::wheel==0.38.4=py38h06a4308_0
  - defaults/linux-64::zstd==1.4.9=haebb681_0
  - defaults/noarch::six==1.16.0=pyhd3eb1b0_1
  - defaults/linux-64::openssl==1.1.1t=h7f8727e_0
  - pytorch/linux-64::torchaudio==0.7.2=py38
  - defaults/linux-64::libwebp==1.2.0=h89dd481_0
  - defaults/linux-64::mkl_fft==1.3.1=py38hd3c417c_0
  - defaults/linux-64::libpng==1.6.39=h5eee18b_0
  - defaults/linux-64::giflib==5.2.1=h5eee18b_3
  - defaults/linux-64::ninja==1.10.2=h06a4308_5
  - defaults/linux-64::setuptools==65.6.3=py38h06a4308_0
  - defaults/linux-64::libtiff==4.1.0=h2733197_1
  - defaults/linux-64::libuv==1.44.2=h5eee18b_0
  - defaults/linux-64::xz==5.2.10=h5eee18b_1
  - pytorch/linux-64::torchvision==0.8.2=py38_cu110
  - defaults/linux-64::ninja-base==1.10.2=hd09550d_5
  - defaults/linux-64::jpeg==9b=h024ee3a_2
  - defaults/linux-64::mkl_random==1.2.2=py38h51133e4_0
  - defaults/noarch::flit-core==3.6.0=pyhd3eb1b0_0
  - defaults/linux-64::zlib==1.2.13=h5eee18b_0
  - defaults/linux-64::libffi==3.4.2=h6a678d5_6
  - defaults/linux-64::libstdcxx-ng==11.2.0=h1234567_1
  - defaults/linux-64::ncurses==6.4=h6a678d5_0
  - defaults/linux-64::pillow==9.3.0=py38hace64e9_1
  - defaults/linux-64::readline==8.2=h5eee18b_0
  - defaults/linux-64::pip==23.0.1=py38h06a4308_0
  - defaults/linux-64::typing_extensions==4.4.0=py38h06a4308_0
  - defaults/linux-64::cudatoolkit==11.0.221=h6bb024c_0
  - defaults/linux-64::numpy==1.23.5=py38h14f4228_0
  - defaults/linux-64::mkl-service==2.4.0=py38h7f8727e_0
  - defaults/linux-64::lcms2==2.12=h3be6417_0
  - defaults/linux-64::numpy-base==1.23.5=py38h31eccc5_0
  - defaults/linux-64::lz4-c==1.9.4=h6a678d5_0
  - defaults/linux-64::freetype==2.12.1=h4a9f257_0
  - defaults/linux-64::python==3.8.16=h7a1cb2a_3
  - pytorch/linux-64::pytorch==1.7.1=py3.8_cuda11.0.221_cudnn8.0.5_0
  - defaults/linux-64::certifi==2022.12.7=py38h06a4308_0
  - defaults/linux-64::sqlite==3.40.1=h5082296_0
  - defaults/linux-64::libgcc-ng==11.2.0=h1234567_1
  - defaults/linux-64::tk==8.6.12=h1ccaba5_0
done


==> WARNING: A newer version of conda exists. <==
  current version: 4.8.3
  latest version: 23.1.0

Please update conda by running

    $ conda update -n base -c defaults conda



# All requested packages already installed.

Requirement already satisfied: pip in /cluster/home/williao/.conda/envs/virtual_env_SG/lib/python3.8/site-packages (23.0.1)
Requirement already satisfied: click in /cluster/home/williao/.local/lib/python3.8/site-packages (8.1.3)
Requirement already satisfied: requests in /cluster/home/williao/.local/lib/python3.8/site-packages (2.28.2)
Requirement already satisfied: idna<4,>=2.5 in /cluster/home/williao/.local/lib/python3.8/site-packages (from requests) (3.4)
Requirement already satisfied: urllib3<1.27,>=1.21.1 in /cluster/home/williao/.local/lib/python3.8/site-packages (from requests) (1.26.15)
Requirement already satisfied: charset-normalizer<4,>=2 in /cluster/home/williao/.local/lib/python3.8/site-packages (from requests) (3.1.0)
Requirement already satisfied: certifi>=2017.4.17 in /cluster/home/williao/.conda/envs/virtual_env_SG/lib/python3.8/site-packages (from requests) (2022.12.7)
Requirement already satisfied: tqdm in /cluster/home/williao/.local/lib/python3.8/site-packages (4.65.0)
Requirement already satisfied: pyspng in /cluster/home/williao/.local/lib/python3.8/site-packages (0.1.1)
Requirement already satisfied: numpy in /cluster/home/williao/.conda/envs/virtual_env_SG/lib/python3.8/site-packages (from pyspng) (1.23.5)
Requirement already satisfied: ninja in /cluster/home/williao/.local/lib/python3.8/site-packages (1.11.1)
Requirement already satisfied: imageio-ffmpeg==0.4.3 in /cluster/home/williao/.local/lib/python3.8/site-packages (0.4.3)
Requirement already satisfied: psutil in /cluster/home/williao/.local/lib/python3.8/site-packages (5.9.4)
Requirement already satisfied: scipy in /cluster/home/williao/.local/lib/python3.8/site-packages (1.10.1)
Requirement already satisfied: numpy<1.27.0,>=1.19.5 in /cluster/home/williao/.conda/envs/virtual_env_SG/lib/python3.8/site-packages (from scipy) (1.23.5)

Sun Mar 19 18:05:16 2023       
+-----------------------------------------------------------------------------+
| NVIDIA-SMI 515.43.04    Driver Version: 515.43.04    CUDA Version: 11.7     |
|-------------------------------+----------------------+----------------------+
| GPU  Name        Persistence-M| Bus-Id        Disp.A | Volatile Uncorr. ECC |
| Fan  Temp  Perf  Pwr:Usage/Cap|         Memory-Usage | GPU-Util  Compute M. |
|                               |                      |               MIG M. |
|===============================+======================+======================|
|   0  NVIDIA A100-PCI...  On   | 00000000:49:00.0 Off |                    0 |
| N/A   24C    P0    32W / 250W |      0MiB / 40960MiB |      0%      Default |
|                               |                      |             Disabled |
+-------------------------------+----------------------+----------------------+
                                                                               
+-----------------------------------------------------------------------------+
| Processes:                                                                  |
|  GPU   GI   CI        PID   Type   Process name                  GPU Memory |
|        ID   ID                                                   Usage      |
|=============================================================================|
|  No running processes found                                                 |
+-----------------------------------------------------------------------------+

--------------Starting python script-------------

 Creating dataset...
